<?xml version="1.0" encoding="UTF-8"?>
<!-- Generated by org.testng.reporters.JUnitReportReporter -->
<testsuite skipped="0" hostname="LAPTOP-HRS9D00H" name="testcases.TC_001" tests="1" failures="0" timestamp="27 May 2019 20:15:27 GMT" time="28.015" errors="0">
  <testcase name="tcase1" time="28.015" classname="testcases.TC_001"/>
</testsuite> <!-- testcases.TC_001 -->
